#
# A fatal error has been detected by the Java Runtime Environment:
#
#  EXCEPTION_ACCESS_VIOLATION (0xc0000005) at pc=0x0000000058e41334, pid=3312, tid=17648
#
# JRE version: Java(TM) SE Runtime Environment (8.0_20-b26) (build 1.8.0_20-b26)
# Java VM: Java HotSpot(TM) 64-Bit Server VM (25.20-b23 mixed mode windows-amd64 compressed oops)
# Problematic frame:
# V  [jvm.dll+0x461334]
#
# Failed to write core dump. Minidumps are not enabled by default on client versions of Windows
#
# If you would like to submit a bug report, please visit:
#   http://bugreport.sun.com/bugreport/crash.jsp
#

---------------  T H R E A D  ---------------

Current thread (0x00000000561a3000):  JavaThread "C2 CompilerThread0" daemon [_thread_in_native, id=17648, stack(0x0000000056950000,0x0000000056a50000)]

siginfo: ExceptionCode=0xc0000005, reading address 0x0000000000000000

Registers:
RAX=0x0000000000000000, RBX=0x00000000575c1c50, RCX=0x0000000000000000, RDX=0x000000005706a020
RSP=0x0000000056a4bd60, RBP=0x0000000000000000, RSI=0x0000000000001aa0, RDI=0x00000000575c5cb0
R8 =0x00000000575c40b0, R9 =0xffffffffa567ffb0, R10=0x0000000000000000, R11=0x0000000000000002
R12=0x0000000000000002, R13=0x000000005850d5e0, R14=0x0000000000000000, R15=0x0000000056a4bec0
RIP=0x0000000058e41334, EFLAGS=0x0000000000010202

Top of Stack: (sp=0x0000000056a4bd60)
0x0000000056a4bd60:   00000000575c1c50 0000000000000001
0x0000000056a4bd70:   000000005706e180 0000000000000002
0x0000000056a4bd80:   000000000000017d 0000000000000000
0x0000000056a4bd90:   0000000000000066 0000000058e435c5
0x0000000056a4bda0:   0000000000000002 0000000000001908
0x0000000056a4bdb0:   0000000056a4be60 000000005850d5e0
0x0000000056a4bdc0:   000000000000fba0 0000000001265910
0x0000000056a4bdd0:   0000000057a1b701 0000000058e42ffa
0x0000000056a4bde0:   0000000000000000 0000000000000000
0x0000000056a4bdf0:   0000000000000000 0000000056a4eca0
0x0000000056a4be00:   000000005821a8c8 0000000057dee760
0x0000000056a4be10:   000000005850d5e0 0000000057dee760
0x0000000056a4be20:   0000000056a4bf30 0000000058e43f4c
0x0000000056a4be30:   0000000000000000 0000000056a4bf00
0x0000000056a4be40:   0000000056a4be60 0000000056a4bec0
0x0000000056a4be50:   0000000056a4bee0 0000000000000001 

Instructions: (pc=0x0000000058e41334)
0x0000000058e41314:   48 75 11 0f b6 47 41 a8 02 0f 85 57 01 00 00 0c
0x0000000058e41324:   02 88 47 41 8b 17 33 c9 85 d2 7e 17 48 8b 47 18
0x0000000058e41334:   48 39 18 0f 84 2a 01 00 00 ff c1 48 83 c0 08 3b
0x0000000058e41344:   ca 7c ed 32 c0 84 c0 40 0f 94 c6 40 84 f6 0f 84 


Register to memory mapping:

RAX=0x0000000000000000 is an unknown value
RBX=0x00000000575c1c50 is an unknown value
RCX=0x0000000000000000 is an unknown value
RDX=0x000000005706a020 is an unknown value
RSP=0x0000000056a4bd60 is pointing into the stack for thread: 0x00000000561a3000
RBP=0x0000000000000000 is an unknown value
RSI=0x0000000000001aa0 is an unknown value
RDI=0x00000000575c5cb0 is an unknown value
R8 =0x00000000575c40b0 is an unknown value
R9 =0xffffffffa567ffb0 is an unknown value
R10=0x0000000000000000 is an unknown value
R11=0x0000000000000002 is an unknown value
R12=0x0000000000000002 is an unknown value
R13=0x000000005850d5e0 is an unknown value
R14=0x0000000000000000 is an unknown value
R15=0x0000000056a4bec0 is pointing into the stack for thread: 0x00000000561a3000


Stack: [0x0000000056950000,0x0000000056a50000],  sp=0x0000000056a4bd60,  free space=1007k
Native frames: (J=compiled Java code, j=interpreted, Vv=VM code, C=native code)


Current CompileTask:
C2:  11417 1828   !   4       com.android.dx.cf.code.Ropper::processBlock (1101 bytes)


---------------  P R O C E S S  ---------------

Java Threads: ( => current thread )
  0x00000000561aa800 JavaThread "Service Thread" daemon [_thread_blocked, id=13580, stack(0x0000000056d40000,0x0000000056e40000)]
  0x00000000561a8000 JavaThread "C1 CompilerThread2" daemon [_thread_in_native, id=17464, stack(0x0000000056bd0000,0x0000000056cd0000)]
  0x00000000561a5800 JavaThread "C2 CompilerThread1" daemon [_thread_in_vm, id=5520, stack(0x0000000056a80000,0x0000000056b80000)]
=>0x00000000561a3000 JavaThread "C2 CompilerThread0" daemon [_thread_in_native, id=17648, stack(0x0000000056950000,0x0000000056a50000)]
  0x00000000561a0800 JavaThread "Attach Listener" daemon [_thread_blocked, id=15652, stack(0x00000000566e0000,0x00000000567e0000)]
  0x0000000054f31800 JavaThread "Signal Dispatcher" daemon [_thread_blocked, id=7044, stack(0x00000000565b0000,0x00000000566b0000)]
  0x0000000054ecf000 JavaThread "Finalizer" daemon [_thread_blocked, id=13828, stack(0x00000000560a0000,0x00000000561a0000)]
  0x0000000054ecc000 JavaThread "Reference Handler" daemon [_thread_blocked, id=14432, stack(0x0000000055f70000,0x0000000056070000)]
  0x00000000021b8000 JavaThread "main" [_thread_in_vm, id=17728, stack(0x00000000025b0000,0x00000000026b0000)]

Other Threads:
  0x0000000054ec6800 VMThread [stack: 0x0000000055de0000,0x0000000055ee0000] [id=14460]
  0x00000000561ac000 WatcherThread [stack: 0x00000000567e0000,0x00000000568e0000] [id=16308]

VM state:not at safepoint (normal execution)

VM Mutex/Monitor currently owned by a thread: None

Heap:
 PSYoungGen      total 138240K, used 111005K [0x00000000eab00000, 0x00000000fe100000, 0x0000000100000000)
  eden space 133120K, 79% used [0x00000000eab00000,0x00000000f126b068,0x00000000f2d00000)
  from space 5120K, 99% used [0x00000000f2d00000,0x00000000f31fc4e8,0x00000000f3200000)
  to   space 25600K, 0% used [0x00000000fc800000,0x00000000fc800000,0x00000000fe100000)
 ParOldGen       total 87552K, used 45035K [0x00000000c0000000, 0x00000000c5580000, 0x00000000eab00000)
  object space 87552K, 51% used [0x00000000c0000000,0x00000000c2bfaf48,0x00000000c5580000)
 Metaspace       used 6518K, capacity 7536K, committed 7808K, reserved 1056768K
  class space    used 593K, capacity 616K, committed 640K, reserved 1048576K

Card table byte_map: [0x0000000011a70000,0x0000000011c80000] byte_map_base: 0x0000000011470000

Marking Bits: (ParMarkBitMap*) 0x00000000591bb460
 Begin Bits: [0x0000000012340000, 0x0000000013340000)
 End Bits:   [0x0000000013340000, 0x0000000014340000)

Polling page: 0x0000000001c90000

CodeCache: size=245760Kb used=9438Kb max_used=9438Kb free=236322Kb
 bounds [0x00000000026b0000, 0x0000000002ff0000, 0x00000000116b0000]
 total_blobs=2569 nmethods=2308 adapters=175
 compilation: enabled

Compilation events (10 events):
Event: 7.737 Thread 0x00000000561a8000 1839       2       java.util.BitSet::clear (28 bytes)
Event: 7.737 Thread 0x00000000561a8000 nmethod 1839 0x0000000002dfefd0 code [0x0000000002dff140, 0x0000000002dff310]
Event: 7.876 Thread 0x00000000561a8000 1841 %     3       com.android.dx.ssa.PhiInsn::updateSourcesToDefinitions @ 8 (68 bytes)
Event: 7.877 Thread 0x00000000561a8000 nmethod 1841% 0x0000000002dff410 code [0x0000000002dff620, 0x0000000002e00288]
Event: 7.877 Thread 0x00000000561a8000 1842       3       com.android.dx.ssa.PhiInsn::updateSourcesToDefinitions (68 bytes)
Event: 7.878 Thread 0x00000000561a8000 nmethod 1842 0x0000000002e00890 code [0x0000000002e00aa0, 0x0000000002e01638]
Event: 7.984 Thread 0x00000000561a8000 1845       3       com.android.dx.ssa.PhiTypeResolver::resolveResultType (308 bytes)
Event: 7.988 Thread 0x00000000561a8000 nmethod 1845 0x0000000002e01c50 code [0x0000000002e020e0, 0x0000000002e05698]
Event: 8.022 Thread 0x00000000561a5800 nmethod 1792 0x0000000002e12890 code [0x0000000002e14140, 0x0000000002e1da98]
Event: 8.023 Thread 0x00000000561a5800 1834       4       com.android.dx.ssa.SCCP::simulateBranch (666 bytes)

GC Heap History (9 events):
Event: 3.647 GC heap before
{Heap before GC invocations=1 (full 0):
 PSYoungGen      total 38400K, used 33280K [0x00000000eab00000, 0x00000000ed580000, 0x0000000100000000)
  eden space 33280K, 100% used [0x00000000eab00000,0x00000000ecb80000,0x00000000ecb80000)
  from space 5120K, 0% used [0x00000000ed080000,0x00000000ed080000,0x00000000ed580000)
  to   space 5120K, 0% used [0x00000000ecb80000,0x00000000ecb80000,0x00000000ed080000)
 ParOldGen       total 87552K, used 0K [0x00000000c0000000, 0x00000000c5580000, 0x00000000eab00000)
  object space 87552K, 0% used [0x00000000c0000000,0x00000000c0000000,0x00000000c5580000)
 Metaspace       used 5696K, capacity 6960K, committed 7040K, reserved 1056768K
  class space    used 549K, capacity 616K, committed 640K, reserved 1048576K
Event: 3.714 GC heap after
Heap after GC invocations=1 (full 0):
 PSYoungGen      total 38400K, used 5111K [0x00000000eab00000, 0x00000000ef600000, 0x0000000100000000)
  eden space 33280K, 0% used [0x00000000eab00000,0x00000000eab00000,0x00000000ecb80000)
  from space 5120K, 99% used [0x00000000ecb80000,0x00000000ed07dc88,0x00000000ed080000)
  to   space 5120K, 0% used [0x00000000ef100000,0x00000000ef100000,0x00000000ef600000)
 ParOldGen       total 87552K, used 1708K [0x00000000c0000000, 0x00000000c5580000, 0x00000000eab00000)
  object space 87552K, 1% used [0x00000000c0000000,0x00000000c01ab240,0x00000000c5580000)
 Metaspace       used 5696K, capacity 6960K, committed 7040K, reserved 1056768K
  class space    used 549K, capacity 616K, committed 640K, reserved 1048576K
}
Event: 4.386 GC heap before
{Heap before GC invocations=2 (full 0):
 PSYoungGen      total 38400K, used 38391K [0x00000000eab00000, 0x00000000ef600000, 0x0000000100000000)
  eden space 33280K, 100% used [0x00000000eab00000,0x00000000ecb80000,0x00000000ecb80000)
  from space 5120K, 99% used [0x00000000ecb80000,0x00000000ed07dc88,0x00000000ed080000)
  to   space 5120K, 0% used [0x00000000ef100000,0x00000000ef100000,0x00000000ef600000)
 ParOldGen       total 87552K, used 1708K [0x00000000c0000000, 0x00000000c5580000, 0x00000000eab00000)
  object space 87552K, 1% used [0x00000000c0000000,0x00000000c01ab240,0x00000000c5580000)
 Metaspace       used 5833K, capacity 7024K, committed 7296K, reserved 1056768K
  class space    used 551K, capacity 616K, committed 640K, reserved 1048576K
Event: 4.457 GC heap after
Heap after GC invocations=2 (full 0):
 PSYoungGen      total 71680K, used 5111K [0x00000000eab00000, 0x00000000ef600000, 0x0000000100000000)
  eden space 66560K, 0% used [0x00000000eab00000,0x00000000eab00000,0x00000000eec00000)
  from space 5120K, 99% used [0x00000000ef100000,0x00000000ef5fdc88,0x00000000ef600000)
  to   space 5120K, 0% used [0x00000000eec00000,0x00000000eec00000,0x00000000ef100000)
 ParOldGen       total 87552K, used 6914K [0x00000000c0000000, 0x00000000c5580000, 0x00000000eab00000)
  object space 87552K, 7% used [0x00000000c0000000,0x00000000c06c0880,0x00000000c5580000)
 Metaspace       used 5833K, capacity 7024K, committed 7296K, reserved 1056768K
  class space    used 551K, capacity 616K, committed 640K, reserved 1048576K
}
Event: 5.259 GC heap before
{Heap before GC invocations=3 (full 0):
 PSYoungGen      total 71680K, used 71671K [0x00000000eab00000, 0x00000000ef600000, 0x0000000100000000)
  eden space 66560K, 100% used [0x00000000eab00000,0x00000000eec00000,0x00000000eec00000)
  from space 5120K, 99% used [0x00000000ef100000,0x00000000ef5fdc88,0x00000000ef600000)
  to   space 5120K, 0% used [0x00000000eec00000,0x00000000eec00000,0x00000000ef100000)
 ParOldGen       total 87552K, used 6914K [0x00000000c0000000, 0x00000000c5580000, 0x00000000eab00000)
  object space 87552K, 7% used [0x00000000c0000000,0x00000000c06c0880,0x00000000c5580000)
 Metaspace       used 5886K, capacity 7088K, committed 7296K, reserved 1056768K
  class space    used 551K, capacity 616K, committed 640K, reserved 1048576K
Event: 6.267 GC heap after
Heap after GC invocations=3 (full 0):
 PSYoungGen      total 71680K, used 5120K [0x00000000eab00000, 0x00000000f3700000, 0x0000000100000000)
  eden space 66560K, 0% used [0x00000000eab00000,0x00000000eab00000,0x00000000eec00000)
  from space 5120K, 100% used [0x00000000eec00000,0x00000000ef100000,0x00000000ef100000)
  to   space 5120K, 0% used [0x00000000f3200000,0x00000000f3200000,0x00000000f3700000)
 ParOldGen       total 87552K, used 16619K [0x00000000c0000000, 0x00000000c5580000, 0x00000000eab00000)
  object space 87552K, 18% used [0x00000000c0000000,0x00000000c103ad60,0x00000000c5580000)
 Metaspace       used 5886K, capacity 7088K, committed 7296K, reserved 1056768K
  class space    used 551K, capacity 616K, committed 640K, reserved 1048576K
}
Event: 7.000 GC heap before
{Heap before GC invocations=4 (full 0):
 PSYoungGen      total 71680K, used 71680K [0x00000000eab00000, 0x00000000f3700000, 0x0000000100000000)
  eden space 66560K, 100% used [0x00000000eab00000,0x00000000eec00000,0x00000000eec00000)
  from space 5120K, 100% used [0x00000000eec00000,0x00000000ef100000,0x00000000ef100000)
  to   space 5120K, 0% used [0x00000000f3200000,0x00000000f3200000,0x00000000f3700000)
 ParOldGen       total 87552K, used 16619K [0x00000000c0000000, 0x00000000c5580000, 0x00000000eab00000)
  object space 87552K, 18% used [0x00000000c0000000,0x00000000c103ad60,0x00000000c5580000)
 Metaspace       used 6017K, capacity 7152K, committed 7296K, reserved 1056768K
  class space    used 570K, capacity 616K, committed 640K, reserved 1048576K
Event: 7.101 GC heap after
Heap after GC invocations=4 (full 0):
 PSYoungGen      total 138240K, used 5120K [0x00000000eab00000, 0x00000000f3700000, 0x0000000100000000)
  eden space 133120K, 0% used [0x00000000eab00000,0x00000000eab00000,0x00000000f2d00000)
  from space 5120K, 100% used [0x00000000f3200000,0x00000000f3700000,0x00000000f3700000)
  to   space 5120K, 0% used [0x00000000f2d00000,0x00000000f2d00000,0x00000000f3200000)
 ParOldGen       total 87552K, used 25550K [0x00000000c0000000, 0x00000000c5580000, 0x00000000eab00000)
  object space 87552K, 29% used [0x00000000c0000000,0x00000000c18f3bc8,0x00000000c5580000)
 Metaspace       used 6017K, capacity 7152K, committed 7296K, reserved 1056768K
  class space    used 570K, capacity 616K, committed 640K, reserved 1048576K
}
Event: 8.079 GC heap before
{Heap before GC invocations=5 (full 0):
 PSYoungGen      total 138240K, used 138240K [0x00000000eab00000, 0x00000000f3700000, 0x0000000100000000)
  eden space 133120K, 100% used [0x00000000eab00000,0x00000000f2d00000,0x00000000f2d00000)
  from space 5120K, 100% used [0x00000000f3200000,0x00000000f3700000,0x00000000f3700000)
  to   space 5120K, 0% used [0x00000000f2d00000,0x00000000f2d00000,0x00000000f3200000)
 ParOldGen       total 87552K, used 25550K [0x00000000c0000000, 0x00000000c5580000, 0x00000000eab00000)
  object space 87552K, 29% used [0x00000000c0000000,0x00000000c18f3bc8,0x00000000c5580000)
 Metaspace       used 6042K, capacity 7152K, committed 7296K, reserved 1056768K
  class space    used 570K, capacity 616K, committed 640K, reserved 1048576K

Deoptimization events (10 events):
Event: 6.711 Thread 0x00000000021b8000 Uncommon trap: reason=bimorphic action=maybe_recompile pc=0x000000000291dc30 method=java.util.HashMap.getNode(ILjava/lang/Object;)Ljava/util/HashMap$Node; @ 126
Event: 6.738 Thread 0x00000000021b8000 Uncommon trap: reason=bimorphic action=maybe_recompile pc=0x0000000002d78224 method=com.android.dx.cf.code.BytecodeArray.parseInstruction(ILcom/android/dx/cf/code/BytecodeArray$Visitor;)I @ 2484
Event: 6.738 Thread 0x00000000021b8000 Uncommon trap: reason=bimorphic action=maybe_recompile pc=0x0000000002d78224 method=com.android.dx.cf.code.BytecodeArray.parseInstruction(ILcom/android/dx/cf/code/BytecodeArray$Visitor;)I @ 2484
Event: 6.750 Thread 0x00000000021b8000 Uncommon trap: reason=class_check action=maybe_recompile pc=0x0000000002d757c4 method=com.android.dx.cf.code.BytecodeArray.parseInstruction(ILcom/android/dx/cf/code/BytecodeArray$Visitor;)I @ 1035
Event: 6.890 Thread 0x00000000021b8000 Uncommon trap: reason=unreached action=reinterpret pc=0x0000000002a3d4ac method=java.util.HashMap.getNode(ILjava/lang/Object;)Ljava/util/HashMap$Node; @ 84
Event: 7.241 Thread 0x00000000021b8000 Uncommon trap: reason=bimorphic action=maybe_recompile pc=0x0000000002d7550c method=com.android.dx.cf.code.BytecodeArray.parseInstruction(ILcom/android/dx/cf/code/BytecodeArray$Visitor;)I @ 923
Event: 7.242 Thread 0x00000000021b8000 Uncommon trap: reason=bimorphic action=maybe_recompile pc=0x0000000002d7550c method=com.android.dx.cf.code.BytecodeArray.parseInstruction(ILcom/android/dx/cf/code/BytecodeArray$Visitor;)I @ 923
Event: 7.466 Thread 0x00000000021b8000 Uncommon trap: reason=unreached action=reinterpret pc=0x0000000002dab748 method=java.util.HashMap.putVal(ILjava/lang/Object;Ljava/lang/Object;ZZ)Ljava/lang/Object; @ 109
Event: 7.493 Thread 0x00000000021b8000 Uncommon trap: reason=unreached action=reinterpret pc=0x0000000002d02144 method=com.android.dx.ssa.MoveParamCombiner$1.visitNonMoveInsn(Lcom/android/dx/ssa/NormalSsaInsn;)V @ 27
Event: 7.512 Thread 0x00000000021b8000 Uncommon trap: reason=class_check action=maybe_recompile pc=0x0000000002c5e4ac method=com.android.dx.ssa.SCCP.simulateBranch(Lcom/android/dx/ssa/SsaInsn;)V @ 145

Internal exceptions (10 events):
Event: 2.402 Thread 0x00000000021b8000 Exception <a 'java/security/PrivilegedActionException'> (0x00000000eb591e68) thrown at [D:\re\workspace\8-2-build-windows-amd64-cygwin\jdk8u20\1074\hotspot\src\share\vm\prims\jvm.cpp, line 1275]
Event: 2.421 Thread 0x00000000021b8000 Exception <a 'java/security/PrivilegedActionException'> (0x00000000eb5af498) thrown at [D:\re\workspace\8-2-build-windows-amd64-cygwin\jdk8u20\1074\hotspot\src\share\vm\prims\jvm.cpp, line 1275]
Event: 2.748 Thread 0x00000000021b8000 Exception <a 'java/security/PrivilegedActionException'> (0x00000000eb6a6588) thrown at [D:\re\workspace\8-2-build-windows-amd64-cygwin\jdk8u20\1074\hotspot\src\share\vm\prims\jvm.cpp, line 1275]
Event: 3.159 Thread 0x00000000021b8000 Exception <a 'java/security/PrivilegedActionException'> (0x00000000ebb16920) thrown at [D:\re\workspace\8-2-build-windows-amd64-cygwin\jdk8u20\1074\hotspot\src\share\vm\prims\jvm.cpp, line 1275]
Event: 4.150 Thread 0x00000000021b8000 Exception <a 'java/security/PrivilegedActionException'> (0x00000000eb888008) thrown at [D:\re\workspace\8-2-build-windows-amd64-cygwin\jdk8u20\1074\hotspot\src\share\vm\prims\jvm.cpp, line 1275]
Event: 4.312 Thread 0x00000000021b8000 Exception <a 'java/security/PrivilegedActionException'> (0x00000000ec53f1b8) thrown at [D:\re\workspace\8-2-build-windows-amd64-cygwin\jdk8u20\1074\hotspot\src\share\vm\prims\jvm.cpp, line 1275]
Event: 4.463 Thread 0x00000000021b8000 Exception <a 'java/security/PrivilegedActionException'> (0x00000000eab937f8) thrown at [D:\re\workspace\8-2-build-windows-amd64-cygwin\jdk8u20\1074\hotspot\src\share\vm\prims\jvm.cpp, line 1275]
Event: 6.888 Thread 0x00000000021b8000 Exception <a 'java/lang/ArrayIndexOutOfBoundsException': 18> (0x00000000edd496d0) thrown at [D:\re\workspace\8-2-build-windows-amd64-cygwin\jdk8u20\1074\hotspot\src\share\vm\interpreter\interpreterRuntime.cpp, line 366]
Event: 6.889 Thread 0x00000000021b8000 Exception <a 'java/lang/ArrayIndexOutOfBoundsException'> (0x00000000edd4b168) thrown at [D:\re\workspace\8-2-build-windows-amd64-cygwin\jdk8u20\1074\hotspot\src\share\vm\runtime\sharedRuntime.cpp, line 604]
Event: 6.890 Thread 0x00000000021b8000 Exception <a 'java/lang/ArrayIndexOutOfBoundsException'> (0x00000000edd4c3a8) thrown at [D:\re\workspace\8-2-build-windows-amd64-cygwin\jdk8u20\1074\hotspot\src\share\vm\runtime\sharedRuntime.cpp, line 604]

Events (10 events):
Event: 7.466 Thread 0x00000000021b8000 DEOPT UNPACKING pc=0x00000000026f556a sp=0x00000000026adec0 mode 2
Event: 7.493 Thread 0x00000000021b8000 Uncommon trap: trap_request=0xffffffad fr.pc=0x0000000002d02144
Event: 7.493 Thread 0x00000000021b8000 DEOPT PACKING pc=0x0000000002d02144 sp=0x00000000026ae4b0
Event: 7.493 Thread 0x00000000021b8000 DEOPT UNPACKING pc=0x00000000026f556a sp=0x00000000026ae408 mode 2
Event: 7.512 Thread 0x00000000021b8000 Uncommon trap: trap_request=0xffffffde fr.pc=0x0000000002c5e4ac
Event: 7.512 Thread 0x00000000021b8000 DEOPT PACKING pc=0x0000000002c5e4ac sp=0x00000000026ae330
Event: 7.512 Thread 0x00000000021b8000 DEOPT UNPACKING pc=0x00000000026f556a sp=0x00000000026ae318 mode 2
Event: 7.878 Thread 0x00000000021b8000 DEOPT PACKING pc=0x0000000002cd7802 sp=0x00000000026ae3d0
Event: 7.878 Thread 0x00000000021b8000 DEOPT UNPACKING pc=0x00000000026f75bf sp=0x00000000026ae158 mode 0
Event: 8.079 Executing VM operation: ParallelGCFailedAllocation


Dynamic libraries:
0x000000013fc60000 - 0x000000013fc94000 	C:\Program Files\Java\jdk1.8.0_20\bin\java.exe
0x0000000077c00000 - 0x0000000077da8000 	C:\WINDOWS\SYSTEM32\ntdll.dll
0x0000000077ae0000 - 0x0000000077bff000 	C:\WINDOWS\system32\kernel32.dll
0x000007fefdac0000 - 0x000007fefdb2b000 	C:\WINDOWS\system32\KERNELBASE.dll
0x000007fefe2c0000 - 0x000007fefe39b000 	C:\WINDOWS\system32\ADVAPI32.dll
0x000007feffb60000 - 0x000007feffbff000 	C:\WINDOWS\system32\msvcrt.dll
0x000007fefe5b0000 - 0x000007fefe5cf000 	C:\WINDOWS\SYSTEM32\sechost.dll
0x000007fefe8b0000 - 0x000007fefe9dd000 	C:\WINDOWS\system32\RPCRT4.dll
0x00000000779e0000 - 0x0000000077ada000 	C:\WINDOWS\system32\USER32.dll
0x000007fefe240000 - 0x000007fefe2a7000 	C:\WINDOWS\system32\GDI32.dll
0x000007feff900000 - 0x000007feff90e000 	C:\WINDOWS\system32\LPK.dll
0x000007feffc00000 - 0x000007feffcc9000 	C:\WINDOWS\system32\USP10.dll
0x000007fefc1d0000 - 0x000007fefc3c4000 	C:\WINDOWS\WinSxS\amd64_microsoft.windows.common-controls_6595b64144ccf1df_6.0.7601.18807_none_fa381d5f175bfb52\COMCTL32.dll
0x000007feff880000 - 0x000007feff8f1000 	C:\WINDOWS\system32\SHLWAPI.dll
0x000007fefe090000 - 0x000007fefe0be000 	C:\WINDOWS\system32\IMM32.DLL
0x000007fefe9e0000 - 0x000007fefeae9000 	C:\WINDOWS\system32\MSCTF.dll
0x00000000757d0000 - 0x00000000757e6000 	C:\WINDOWS\system32\PGPmapih.dll
0x000007fef2030000 - 0x000007fef20d6000 	C:\Program Files\McAfee\Host Intrusion Prevention\HcApi.dll
0x000000006ec90000 - 0x000000006ec9b000 	C:\Program Files\McAfee\Host Intrusion Prevention\HcThe.dll
0x0000000060450000 - 0x0000000060522000 	C:\Program Files\Java\jdk1.8.0_20\jre\bin\msvcr100.dll
0x00000000589e0000 - 0x0000000059238000 	C:\Program Files\Java\jdk1.8.0_20\jre\bin\server\jvm.dll
0x000007fefa330000 - 0x000007fefa339000 	C:\WINDOWS\system32\WSOCK32.dll
0x000007feffd50000 - 0x000007feffd9d000 	C:\WINDOWS\system32\WS2_32.dll
0x000007fefe2b0000 - 0x000007fefe2b8000 	C:\WINDOWS\system32\NSI.dll
0x000007fef17c0000 - 0x000007fef17fb000 	C:\WINDOWS\system32\WINMM.dll
0x0000000077dc0000 - 0x0000000077dc7000 	C:\WINDOWS\system32\PSAPI.DLL
0x000000006c010000 - 0x000000006c01f000 	C:\Program Files\Java\jdk1.8.0_20\jre\bin\verify.dll
0x000000006bc70000 - 0x000000006bc98000 	C:\Program Files\Java\jdk1.8.0_20\jre\bin\java.dll
0x000000006be40000 - 0x000000006be56000 	C:\Program Files\Java\jdk1.8.0_20\jre\bin\zip.dll
0x000007fefeaf0000 - 0x000007feff87b000 	C:\WINDOWS\system32\SHELL32.dll
0x000007fefe3a0000 - 0x000007fefe5a3000 	C:\WINDOWS\system32\ole32.dll
0x000007fefda50000 - 0x000007fefda5f000 	C:\WINDOWS\system32\profapi.dll
0x000007fef4fc0000 - 0x000007fef50e5000 	C:\WINDOWS\system32\dbghelp.dll

VM Arguments:
jvm_args: -Xmx1024M -Dfile.encoding=windows-1252 -Duser.country=US -Duser.language=en -Duser.variant 
java_command: com.android.dx.command.Main --dex --output C:\Users\D059352\StudioProjects\MobileAndroid\app\build\intermediates\pre-dexed\debug\classes-ec1af8ac9dc314b2d97f76d5c7b1fea563511d61.jar C:\Users\D059352\StudioProjects\MobileAndroid\app\build\intermediates\exploded-aar\com.google.android.gms\play-services-ads\7.5.0\jars\classes.jar
java_class_path (initial): C:\Users\D059352\AppData\Local\Android\sdk\build-tools\22.0.1\lib\dx.jar
Launcher Type: SUN_STANDARD

Environment Variables:
JAVA_HOME=C:\Program Files\Java\jdk1.8.0_20
CLASSPATH=.;.;c:\PROGRA~2\java\lib\sound.jar;c:\PROGRA~2\java\lib\jmf.jar;c:\PROGRA~2\java\lib;
PATH=C:\ProgramData\Oracle\Java\javapath;C:\WINDOWS\system32;C:\WINDOWS;C:\WINDOWS\System32\Wbem;C:\Program Files (x86)\Microsoft Application Virtualization Client;c:\Program Files (x86)\Open Text\View\bin;C:\Program Files\ThinkPad\Bluetooth Software\;C:\Program Files\ThinkPad\Bluetooth Software\syswow64;C:\Program Files\Broadcom\WHL\;C:\Program Files\Broadcom\WHL\syswow64;C:\Program Files\Broadcom\WHL\SysWow64\;C:\Program Files\Broadcom\WHL\SysWow64\syswow64;C:\Program Files (x86)\Microsoft SQL Server\110\Tools\Binn\;C:\Program Files\Microsoft SQL Server\110\Tools\Binn\;C:\Program Files\Microsoft SQL Server\110\DTS\Binn\;C:\Program Files (x86)\Microsoft SQL Server\110\Tools\Binn\ManagementStudio\;C:\Program Files (x86)\Microsoft SQL Server\110\DTS\Binn\;C:\Program Files (x86)\SAP\SAP Business One ServerTools\System Landscape Directory\tomcat\bin;C:\Program Files (x86)\SAP\SAP Business One ServerTools\Common\sapjvm_6\jre\bin\server;C:\Program Files\SAP\SAP Business One DI API\JCO\LIB\;C:\Program Files\SAP\SAP Business One DI API\DI API 90;C:\Program Files (x86)\SAP\SAP Business One DI API\JCO\LIB\;C:\Program Files (x86)\SAP\SAP Business One DI API\DI API 90;C:\Program Files (x86)\SAP\SAP Business One Integration\IntegrationServer\Tomcat\webapps\B1iXcellerator\WEB-INF\lib;C:\WINDOWS\System32\WindowsPowerShell\v1.0;C:\WINDOWS\System32\WindowsPowerShell\v1.0;C:\Program Files\nodejs\;C:\WINDOWS\System32\WindowsPowerShell\v1.0\;C:\WINDOWS\System32\WindowsPowerShell\v1.0\;C:\WINDOWS\System32\WindowsPowerShell\v1.0;C:\WINDOWS\System32\WindowsPowerShell\v1.0;C:\WINDOWS\System32\WindowsPowerShell\v1.0;C:\WINDOWS\System32\WindowsPowerShell\v1.0;C:\WINDOWS\System32\WindowsPowerShell\v1.0;C:\WINDOWS\System32\WindowsPowerShell\v1.0;C:\WINDOWS\System32\WindowsPowerShell\v1.0;C:\Users\D059352\AppData\Roaming\npm;C:\Program Files (x86)\Git\cmd
USERNAME=D059352
OS=Windows_NT
PROCESSOR_IDENTIFIER=Intel64 Family 6 Model 42 Stepping 7, GenuineIntel



---------------  S Y S T E M  ---------------

OS: Windows 7 , 64 bit Build 7601 Service Pack 1

CPU:total 4 (2 cores per cpu, 2 threads per core) family 6 model 42 stepping 7, cmov, cx8, fxsr, mmx, sse, sse2, sse3, ssse3, sse4.1, sse4.2, popcnt, avx, aes, clmul, ht, tsc, tscinvbit

Memory: 4k page, physical 8273136k(2509112k free), swap 16544416k(7529080k free)

vm_info: Java HotSpot(TM) 64-Bit Server VM (25.20-b23) for windows-amd64 JRE (1.8.0_20-b26), built on Jul 30 2014 13:51:23 by "java_re" with MS VC++ 10.0 (VS2010)

time: Tue Jun 23 11:07:45 2015
elapsed time: 11 seconds (0d 0h 0m 11s)

