#
# A fatal error has been detected by the Java Runtime Environment:
#
#  EXCEPTION_ACCESS_VIOLATION (0xc0000005) at pc=0x0000000058e3f067, pid=6856, tid=6280
#
# JRE version: Java(TM) SE Runtime Environment (8.0_20-b26) (build 1.8.0_20-b26)
# Java VM: Java HotSpot(TM) 64-Bit Server VM (25.20-b23 mixed mode windows-amd64 compressed oops)
# Problematic frame:
# V  [jvm.dll+0x45f067]
#
# Failed to write core dump. Minidumps are not enabled by default on client versions of Windows
#
# If you would like to submit a bug report, please visit:
#   http://bugreport.sun.com/bugreport/crash.jsp
#

---------------  T H R E A D  ---------------

Current thread (0x0000000056325800):  JavaThread "C2 CompilerThread1" daemon [_thread_in_native, id=6280, stack(0x0000000056ba0000,0x0000000056ca0000)]

siginfo: ExceptionCode=0xc0000005, reading address 0x0000000000000395

Registers:
RAX=0x0000000000000395, RBX=0x00000000577f6ad0, RCX=0x0000000000000000, RDX=0x00000000577f6a20
RSP=0x0000000056c9bb30, RBP=0x0000000057dde401, RSI=0x000000005718bd30, RDI=0x00000000577f6a20
R8 =0x0000000000000000, R9 =0xffffffffa81857f0, R10=0x0000000000000000, R11=0x00000000577f6ad0
R12=0x0000000000000000, R13=0x00000000572bbb00, R14=0x00000000577f6a20, R15=0x00000000572bbb00
RIP=0x0000000058e3f067, EFLAGS=0x0000000000010246

Top of Stack: (sp=0x0000000056c9bb30)
0x0000000056c9bb30:   00000000583b2820 0000000057488730
0x0000000056c9bb40:   0000000000000098 0000000000000003
0x0000000056c9bb50:   00000000572bbb00 0000000000000000
0x0000000056c9bb60:   00000000577f6a20 000000005718bd30
0x0000000056c9bb70:   0000000057dde401 0000000056c9bcf0
0x0000000056c9bb80:   0000000000000033 0000000058e4147a
0x0000000056c9bb90:   000000005718bd10 0000000000000000
0x0000000056c9bba0:   00000000577f6ad0 0000000000000000
0x0000000056c9bbb0:   000000000000016c 0000000000000000
0x0000000056c9bbc0:   000000000000005d 0000000058e435c5
0x0000000056c9bbd0:   0000000000000003 0000000000001a95
0x0000000056c9bbe0:   0000000056c9bc90 00000000572bbb00
0x0000000056c9bbf0:   0000000000801c2a 0000000001735753
0x0000000056c9bc00:   0000000057155b01 0000000058e42ffa
0x0000000056c9bc10:   0000000000000000 0000000000000000
0x0000000056c9bc20:   0000000000000000 0000000056c9ead0 

Instructions: (pc=0x0000000058e3f067)
0x0000000058e3f047:   8b db 4c 89 64 24 28 4c 89 6c 24 20 48 89 4c 24
0x0000000058e3f057:   68 48 89 5c 24 70 0f 1f 00 49 8b 46 70 49 8b d6
0x0000000058e3f067:   48 8b 2c 01 49 8b cf 4c 8b c5 e8 4a f0 ff ff f6
0x0000000058e3f077:   45 41 04 74 6a 8b 45 20 85 c0 7e 63 45 33 e4 44 


Register to memory mapping:

RAX=0x0000000000000395 is an unknown value
RBX=0x00000000577f6ad0 is an unknown value
RCX=0x0000000000000000 is an unknown value
RDX=0x00000000577f6a20 is an unknown value
RSP=0x0000000056c9bb30 is pointing into the stack for thread: 0x0000000056325800
RBP=0x0000000057dde401 is an unknown value
RSI=0x000000005718bd30 is an unknown value
RDI=0x00000000577f6a20 is an unknown value
R8 =0x0000000000000000 is an unknown value
R9 =0xffffffffa81857f0 is an unknown value
R10=0x0000000000000000 is an unknown value
R11=0x00000000577f6ad0 is an unknown value
R12=0x0000000000000000 is an unknown value
R13=0x00000000572bbb00 is an unknown value
R14=0x00000000577f6a20 is an unknown value
R15=0x00000000572bbb00 is an unknown value


Stack: [0x0000000056ba0000,0x0000000056ca0000],  sp=0x0000000056c9bb30,  free space=1006k
Native frames: (J=compiled Java code, j=interpreted, Vv=VM code, C=native code)
V  [jvm.dll+0x45f067]
V  [jvm.dll+0x46147a]
V  [jvm.dll+0x4635c5]
V  [jvm.dll+0x463f4c]
V  [jvm.dll+0x464293]
V  [jvm.dll+0x451093]
V  [jvm.dll+0x452634]
V  [jvm.dll+0x435fc2]
V  [jvm.dll+0x97b62]
V  [jvm.dll+0x98353]
V  [jvm.dll+0x22aac4]
V  [jvm.dll+0x283f5a]
C  [msvcr100.dll+0x21d9f]
C  [msvcr100.dll+0x21e3b]
C  [kernel32.dll+0x159bd]
C  [ntdll.dll+0x2a551]


Current CompileTask:
C2:  17184 1785   !   4       com.android.dx.cf.code.Ropper::processBlock (1101 bytes)


---------------  P R O C E S S  ---------------

Java Threads: ( => current thread )
  0x000000005632c800 JavaThread "Service Thread" daemon [_thread_blocked, id=2928, stack(0x0000000056e80000,0x0000000056f80000)]
  0x0000000056328000 JavaThread "C1 CompilerThread2" daemon [_thread_blocked, id=15268, stack(0x0000000056d40000,0x0000000056e40000)]
=>0x0000000056325800 JavaThread "C2 CompilerThread1" daemon [_thread_in_native, id=6280, stack(0x0000000056ba0000,0x0000000056ca0000)]
  0x0000000056323000 JavaThread "C2 CompilerThread0" daemon [_thread_blocked, id=6532, stack(0x00000000560d0000,0x00000000561d0000)]
  0x0000000056320800 JavaThread "Attach Listener" daemon [_thread_blocked, id=9888, stack(0x00000000569e0000,0x0000000056ae0000)]
  0x0000000054e41800 JavaThread "Signal Dispatcher" daemon [_thread_blocked, id=17260, stack(0x0000000056810000,0x0000000056910000)]
  0x0000000054ddf000 JavaThread "Finalizer" daemon [_thread_blocked, id=4276, stack(0x0000000056220000,0x0000000056320000)]
  0x0000000054ddc000 JavaThread "Reference Handler" daemon [_thread_blocked, id=10800, stack(0x0000000055f90000,0x0000000056090000)]

Other Threads:
  0x0000000054dd6800 VMThread [stack: 0x0000000055dc0000,0x0000000055ec0000] [id=3612]

VM state:at safepoint (normal execution)

VM Mutex/Monitor currently owned by a thread:  ([mutex/lock_event])
[0x000000000039cff0] Threads_lock - owner thread: 0x0000000054dd6800
[0x000000000039d4f0] Heap_lock - owner thread: 0x0000000002218000

Heap:
 PSYoungGen      total 147456K, used 79042K [0x00000000eab00000, 0x00000000f4f00000, 0x0000000100000000)
  eden space 131584K, 48% used [0x00000000eab00000,0x00000000ee9a08c0,0x00000000f2b80000)
  from space 15872K, 93% used [0x00000000f3c80000,0x00000000f4b0ffa0,0x00000000f4c00000)
  to   space 17408K, 0% used [0x00000000f2b80000,0x00000000f2b80000,0x00000000f3c80000)
 ParOldGen       total 87552K, used 26418K [0x00000000c0000000, 0x00000000c5580000, 0x00000000eab00000)
  object space 87552K, 30% used [0x00000000c0000000,0x00000000c19cc8f0,0x00000000c5580000)
 Metaspace       used 6873K, capacity 7672K, committed 7936K, reserved 1056768K
  class space    used 635K, capacity 688K, committed 768K, reserved 1048576K

Card table byte_map: [0x00000000119f0000,0x0000000011c00000] byte_map_base: 0x00000000113f0000

Marking Bits: (ParMarkBitMap*) 0x00000000591bb460
 Begin Bits: [0x0000000012250000, 0x0000000013250000)
 End Bits:   [0x0000000013250000, 0x0000000014250000)

Polling page: 0x0000000000370000

CodeCache: size=245760Kb used=10430Kb max_used=10430Kb free=235329Kb
 bounds [0x0000000002630000, 0x0000000003070000, 0x0000000011630000]
 total_blobs=2653 nmethods=2383 adapters=183
 compilation: enabled

Compilation events (10 events):
Event: 9.250 Thread 0x0000000056328000 2486       3       java.util.zip.Deflater::needsInput (13 bytes)
Event: 9.250 Thread 0x0000000056328000 nmethod 2486 0x0000000003062c90 code [0x0000000003062de0, 0x0000000003062f90]
Event: 9.262 Thread 0x0000000056328000 2487       3       java.util.zip.DeflaterOutputStream::deflate (36 bytes)
Event: 9.262 Thread 0x0000000056328000 nmethod 2487 0x0000000003062290 code [0x0000000003062420, 0x0000000003062758]
Event: 9.262 Thread 0x0000000056328000 2488       3       java.util.zip.Deflater::deflate (9 bytes)
Event: 9.262 Thread 0x0000000056328000 nmethod 2488 0x0000000003061ed0 code [0x0000000003062040, 0x00000000030621c8]
Event: 9.262 Thread 0x0000000056328000 2489   !   3       java.util.zip.Deflater::deflate (140 bytes)
Event: 9.263 Thread 0x0000000056328000 nmethod 2489 0x0000000003061150 code [0x0000000003061320, 0x0000000003061ac8]
Event: 9.284 Thread 0x0000000056328000 2491       3       java.io.FileOutputStream::write (10 bytes)
Event: 9.285 Thread 0x0000000056328000 nmethod 2491 0x0000000003060a50 code [0x0000000003060bc0, 0x0000000003060d48]

GC Heap History (10 events):
Event: 3.411 GC heap before
{Heap before GC invocations=2 (full 0):
 PSYoungGen      total 38400K, used 38371K [0x00000000eab00000, 0x00000000ed580000, 0x0000000100000000)
  eden space 33280K, 100% used [0x00000000eab00000,0x00000000ecb80000,0x00000000ecb80000)
  from space 5120K, 99% used [0x00000000ecb80000,0x00000000ed078cc8,0x00000000ed080000)
  to   space 5120K, 0% used [0x00000000ed080000,0x00000000ed080000,0x00000000ed580000)
 ParOldGen       total 87552K, used 1507K [0x00000000c0000000, 0x00000000c5580000, 0x00000000eab00000)
  object space 87552K, 1% used [0x00000000c0000000,0x00000000c0178e80,0x00000000c5580000)
 Metaspace       used 5859K, capacity 7088K, committed 7296K, reserved 1056768K
  class space    used 555K, capacity 616K, committed 640K, reserved 1048576K
Event: 3.427 GC heap after
Heap after GC invocations=2 (full 0):
 PSYoungGen      total 38400K, used 5095K [0x00000000eab00000, 0x00000000ef600000, 0x0000000100000000)
  eden space 33280K, 0% used [0x00000000eab00000,0x00000000eab00000,0x00000000ecb80000)
  from space 5120K, 99% used [0x00000000ed080000,0x00000000ed579c88,0x00000000ed580000)
  to   space 5120K, 0% used [0x00000000ecb80000,0x00000000ecb80000,0x00000000ed080000)
 ParOldGen       total 87552K, used 6378K [0x00000000c0000000, 0x00000000c5580000, 0x00000000eab00000)
  object space 87552K, 7% used [0x00000000c0000000,0x00000000c063ab20,0x00000000c5580000)
 Metaspace       used 5859K, capacity 7088K, committed 7296K, reserved 1056768K
  class space    used 555K, capacity 616K, committed 640K, reserved 1048576K
}
Event: 3.810 GC heap before
{Heap before GC invocations=3 (full 0):
 PSYoungGen      total 38400K, used 38375K [0x00000000eab00000, 0x00000000ef600000, 0x0000000100000000)
  eden space 33280K, 100% used [0x00000000eab00000,0x00000000ecb80000,0x00000000ecb80000)
  from space 5120K, 99% used [0x00000000ed080000,0x00000000ed579c88,0x00000000ed580000)
  to   space 5120K, 0% used [0x00000000ecb80000,0x00000000ecb80000,0x00000000ed080000)
 ParOldGen       total 87552K, used 6378K [0x00000000c0000000, 0x00000000c5580000, 0x00000000eab00000)
  object space 87552K, 7% used [0x00000000c0000000,0x00000000c063ab20,0x00000000c5580000)
 Metaspace       used 5879K, capacity 7088K, committed 7296K, reserved 1056768K
  class space    used 555K, capacity 616K, committed 640K, reserved 1048576K
Event: 3.854 GC heap after
Heap after GC invocations=3 (full 0):
 PSYoungGen      total 38400K, used 5089K [0x00000000eab00000, 0x00000000ef600000, 0x0000000100000000)
  eden space 33280K, 0% used [0x00000000eab00000,0x00000000eab00000,0x00000000ecb80000)
  from space 5120K, 99% used [0x00000000ecb80000,0x00000000ed078788,0x00000000ed080000)
  to   space 5120K, 0% used [0x00000000ef100000,0x00000000ef100000,0x00000000ef600000)
 ParOldGen       total 87552K, used 11153K [0x00000000c0000000, 0x00000000c5580000, 0x00000000eab00000)
  object space 87552K, 12% used [0x00000000c0000000,0x00000000c0ae45d8,0x00000000c5580000)
 Metaspace       used 5879K, capacity 7088K, committed 7296K, reserved 1056768K
  class space    used 555K, capacity 616K, committed 640K, reserved 1048576K
}
Event: 4.664 GC heap before
{Heap before GC invocations=4 (full 0):
 PSYoungGen      total 38400K, used 38369K [0x00000000eab00000, 0x00000000ef600000, 0x0000000100000000)
  eden space 33280K, 100% used [0x00000000eab00000,0x00000000ecb80000,0x00000000ecb80000)
  from space 5120K, 99% used [0x00000000ecb80000,0x00000000ed078788,0x00000000ed080000)
  to   space 5120K, 0% used [0x00000000ef100000,0x00000000ef100000,0x00000000ef600000)
 ParOldGen       total 87552K, used 11153K [0x00000000c0000000, 0x00000000c5580000, 0x00000000eab00000)
  object space 87552K, 12% used [0x00000000c0000000,0x00000000c0ae45d8,0x00000000c5580000)
 Metaspace       used 5996K, capacity 7088K, committed 7296K, reserved 1056768K
  class space    used 574K, capacity 616K, committed 640K, reserved 1048576K
Event: 4.688 GC heap after
Heap after GC invocations=4 (full 0):
 PSYoungGen      total 71680K, used 5106K [0x00000000eab00000, 0x00000000ef600000, 0x0000000100000000)
  eden space 66560K, 0% used [0x00000000eab00000,0x00000000eab00000,0x00000000eec00000)
  from space 5120K, 99% used [0x00000000ef100000,0x00000000ef5fca10,0x00000000ef600000)
  to   space 5120K, 0% used [0x00000000eec00000,0x00000000eec00000,0x00000000ef100000)
 ParOldGen       total 87552K, used 16144K [0x00000000c0000000, 0x00000000c5580000, 0x00000000eab00000)
  object space 87552K, 18% used [0x00000000c0000000,0x00000000c0fc43f0,0x00000000c5580000)
 Metaspace       used 5996K, capacity 7088K, committed 7296K, reserved 1056768K
  class space    used 574K, capacity 616K, committed 640K, reserved 1048576K
}
Event: 6.717 GC heap before
{Heap before GC invocations=5 (full 0):
 PSYoungGen      total 71680K, used 71666K [0x00000000eab00000, 0x00000000ef600000, 0x0000000100000000)
  eden space 66560K, 100% used [0x00000000eab00000,0x00000000eec00000,0x00000000eec00000)
  from space 5120K, 99% used [0x00000000ef100000,0x00000000ef5fca10,0x00000000ef600000)
  to   space 5120K, 0% used [0x00000000eec00000,0x00000000eec00000,0x00000000ef100000)
 ParOldGen       total 87552K, used 16144K [0x00000000c0000000, 0x00000000c5580000, 0x00000000eab00000)
  object space 87552K, 18% used [0x00000000c0000000,0x00000000c0fc43f0,0x00000000c5580000)
 Metaspace       used 6013K, capacity 7088K, committed 7296K, reserved 1056768K
  class space    used 575K, capacity 616K, committed 640K, reserved 1048576K
Event: 6.841 GC heap after
Heap after GC invocations=5 (full 0):
 PSYoungGen      total 71680K, used 5109K [0x00000000eab00000, 0x00000000f4c00000, 0x0000000100000000)
  eden space 66560K, 0% used [0x00000000eab00000,0x00000000eab00000,0x00000000eec00000)
  from space 5120K, 99% used [0x00000000eec00000,0x00000000ef0fd728,0x00000000ef100000)
  to   space 15872K, 0% used [0x00000000f3c80000,0x00000000f3c80000,0x00000000f4c00000)
 ParOldGen       total 87552K, used 26410K [0x00000000c0000000, 0x00000000c5580000, 0x00000000eab00000)
  object space 87552K, 30% used [0x00000000c0000000,0x00000000c19ca8f0,0x00000000c5580000)
 Metaspace       used 6013K, capacity 7088K, committed 7296K, reserved 1056768K
  class space    used 575K, capacity 616K, committed 640K, reserved 1048576K
}
Event: 7.291 GC heap before
{Heap before GC invocations=6 (full 0):
 PSYoungGen      total 71680K, used 71669K [0x00000000eab00000, 0x00000000f4c00000, 0x0000000100000000)
  eden space 66560K, 100% used [0x00000000eab00000,0x00000000eec00000,0x00000000eec00000)
  from space 5120K, 99% used [0x00000000eec00000,0x00000000ef0fd728,0x00000000ef100000)
  to   space 15872K, 0% used [0x00000000f3c80000,0x00000000f3c80000,0x00000000f4c00000)
 ParOldGen       total 87552K, used 26410K [0x00000000c0000000, 0x00000000c5580000, 0x00000000eab00000)
  object space 87552K, 30% used [0x00000000c0000000,0x00000000c19ca8f0,0x00000000c5580000)
 Metaspace       used 6064K, capacity 7152K, committed 7296K, reserved 1056768K
  class space    used 575K, capacity 616K, committed 640K, reserved 1048576K
Event: 7.529 GC heap after
Heap after GC invocations=6 (full 0):
 PSYoungGen      total 147456K, used 14911K [0x00000000eab00000, 0x00000000f4f00000, 0x0000000100000000)
  eden space 131584K, 0% used [0x00000000eab00000,0x00000000eab00000,0x00000000f2b80000)
  from space 15872K, 93% used [0x00000000f3c80000,0x00000000f4b0ffa0,0x00000000f4c00000)
  to   space 17408K, 0% used [0x00000000f2b80000,0x00000000f2b80000,0x00000000f3c80000)
 ParOldGen       total 87552K, used 26418K [0x00000000c0000000, 0x00000000c5580000, 0x00000000eab00000)
  object space 87552K, 30% used [0x00000000c0000000,0x00000000c19cc8f0,0x00000000c5580000)
 Metaspace       used 6064K, capacity 7152K, committed 7296K, reserved 1056768K
  class space    used 575K, capacity 616K, committed 640K, reserved 1048576K
}

Deoptimization events (10 events):
Event: 8.070 Thread 0x0000000002218000 Uncommon trap: reason=class_check action=maybe_recompile pc=0x0000000002ae4950 method=java.util.Arrays.hashCode([Ljava/lang/Object;)I @ 43
Event: 8.071 Thread 0x0000000002218000 Uncommon trap: reason=class_check action=maybe_recompile pc=0x0000000002ae81c0 method=java.util.Arrays.hashCode([Ljava/lang/Object;)I @ 43
Event: 8.290 Thread 0x0000000002218000 Uncommon trap: reason=speculate_class_check action=maybe_recompile pc=0x0000000002a16a0c method=com.android.dx.util.FixedSizeList.equals(Ljava/lang/Object;)Z @ 25
Event: 8.333 Thread 0x0000000002218000 Uncommon trap: reason=speculate_class_check action=maybe_recompile pc=0x0000000002a16a0c method=com.android.dx.util.FixedSizeList.equals(Ljava/lang/Object;)Z @ 25
Event: 8.333 Thread 0x0000000002218000 Uncommon trap: reason=speculate_class_check action=maybe_recompile pc=0x0000000002a16a0c method=com.android.dx.util.FixedSizeList.equals(Ljava/lang/Object;)Z @ 25
Event: 8.333 Thread 0x0000000002218000 Uncommon trap: reason=speculate_class_check action=maybe_recompile pc=0x0000000002a16a0c method=com.android.dx.util.FixedSizeList.equals(Ljava/lang/Object;)Z @ 25
Event: 9.163 Thread 0x0000000002218000 Uncommon trap: reason=unreached action=reinterpret pc=0x00000000029be8e4 method=java.util.Arrays.copyOf([Ljava/lang/Object;ILjava/lang/Class;)[Ljava/lang/Object; @ 3
Event: 9.165 Thread 0x0000000002218000 Uncommon trap: reason=class_check action=maybe_recompile pc=0x0000000002dce83c method=java.util.HashMap.putVal(ILjava/lang/Object;Ljava/lang/Object;ZZ)Ljava/lang/Object; @ 56
Event: 9.166 Thread 0x0000000002218000 Uncommon trap: reason=class_check action=maybe_recompile pc=0x0000000002dce918 method=java.util.HashMap.putVal(ILjava/lang/Object;Ljava/lang/Object;ZZ)Ljava/lang/Object; @ 152
Event: 9.166 Thread 0x0000000002218000 Uncommon trap: reason=class_check action=maybe_recompile pc=0x0000000002dce83c method=java.util.HashMap.putVal(ILjava/lang/Object;Ljava/lang/Object;ZZ)Ljava/lang/Object; @ 56

Internal exceptions (10 events):
Event: 8.290 Thread 0x0000000002218000 Exception <a 'java/security/PrivilegedActionException'> (0x00000000ed6bcdb8) thrown at [D:\re\workspace\8-2-build-windows-amd64-cygwin\jdk8u20\1074\hotspot\src\share\vm\prims\jvm.cpp, line 1275]
Event: 8.291 Thread 0x0000000002218000 Exception <a 'java/security/PrivilegedActionException'> (0x00000000ed6c0040) thrown at [D:\re\workspace\8-2-build-windows-amd64-cygwin\jdk8u20\1074\hotspot\src\share\vm\prims\jvm.cpp, line 1275]
Event: 8.298 Thread 0x0000000002218000 Exception <a 'java/security/PrivilegedActionException'> (0x00000000ed6d1350) thrown at [D:\re\workspace\8-2-build-windows-amd64-cygwin\jdk8u20\1074\hotspot\src\share\vm\prims\jvm.cpp, line 1275]
Event: 8.663 Thread 0x0000000002218000 Exception <a 'java/security/PrivilegedActionException'> (0x00000000edfd5ad8) thrown at [D:\re\workspace\8-2-build-windows-amd64-cygwin\jdk8u20\1074\hotspot\src\share\vm\prims\jvm.cpp, line 1275]
Event: 8.664 Thread 0x0000000002218000 Exception <a 'java/security/PrivilegedActionException'> (0x00000000edfe18f8) thrown at [D:\re\workspace\8-2-build-windows-amd64-cygwin\jdk8u20\1074\hotspot\src\share\vm\prims\jvm.cpp, line 1275]
Event: 8.665 Thread 0x0000000002218000 Exception <a 'java/security/PrivilegedActionException'> (0x00000000edfe4670) thrown at [D:\re\workspace\8-2-build-windows-amd64-cygwin\jdk8u20\1074\hotspot\src\share\vm\prims\jvm.cpp, line 1275]
Event: 8.734 Thread 0x0000000002218000 Exception <a 'java/security/PrivilegedActionException'> (0x00000000ee43a690) thrown at [D:\re\workspace\8-2-build-windows-amd64-cygwin\jdk8u20\1074\hotspot\src\share\vm\prims\jvm.cpp, line 1275]
Event: 8.772 Thread 0x0000000002218000 Exception <a 'java/security/PrivilegedActionException'> (0x00000000ee501420) thrown at [D:\re\workspace\8-2-build-windows-amd64-cygwin\jdk8u20\1074\hotspot\src\share\vm\prims\jvm.cpp, line 1275]
Event: 8.782 Thread 0x0000000002218000 Exception <a 'java/security/PrivilegedActionException'> (0x00000000ee588000) thrown at [D:\re\workspace\8-2-build-windows-amd64-cygwin\jdk8u20\1074\hotspot\src\share\vm\prims\jvm.cpp, line 1275]
Event: 8.929 Thread 0x0000000002218000 Exception <a 'java/security/PrivilegedActionException'> (0x00000000ee58cde0) thrown at [D:\re\workspace\8-2-build-windows-amd64-cygwin\jdk8u20\1074\hotspot\src\share\vm\prims\jvm.cpp, line 1275]

Events (10 events):
Event: 9.280 loading class java/util/Vector$Itr done
Event: 9.282 loading class java/io/FileOutputStream$1
Event: 9.282 loading class java/io/FileOutputStream$1 done
Event: 9.282 Thread 0x0000000002218000 Thread exited: 0x0000000002218000
Event: 9.283 Thread 0x0000000002218000 Thread added: 0x0000000002218000
Event: 9.283 loading class java/lang/Shutdown
Event: 9.283 loading class java/lang/Shutdown done
Event: 9.283 loading class java/lang/Shutdown$Lock
Event: 9.283 loading class java/lang/Shutdown$Lock done
Event: 9.285 Thread 0x0000000002218000 Thread exited: 0x0000000002218000


Dynamic libraries:
0x000000013fc60000 - 0x000000013fc94000 	C:\Program Files\Java\jdk1.8.0_20\bin\java.exe
0x0000000077c00000 - 0x0000000077da8000 	C:\WINDOWS\SYSTEM32\ntdll.dll
0x0000000077ae0000 - 0x0000000077bff000 	C:\WINDOWS\system32\kernel32.dll
0x000007fefdac0000 - 0x000007fefdb2b000 	C:\WINDOWS\system32\KERNELBASE.dll
0x000007fefe2c0000 - 0x000007fefe39b000 	C:\WINDOWS\system32\ADVAPI32.dll
0x000007feffb60000 - 0x000007feffbff000 	C:\WINDOWS\system32\msvcrt.dll
0x000007fefe5b0000 - 0x000007fefe5cf000 	C:\WINDOWS\SYSTEM32\sechost.dll
0x000007fefe8b0000 - 0x000007fefe9dd000 	C:\WINDOWS\system32\RPCRT4.dll
0x00000000779e0000 - 0x0000000077ada000 	C:\WINDOWS\system32\USER32.dll
0x000007fefe240000 - 0x000007fefe2a7000 	C:\WINDOWS\system32\GDI32.dll
0x000007feff900000 - 0x000007feff90e000 	C:\WINDOWS\system32\LPK.dll
0x000007feffc00000 - 0x000007feffcc9000 	C:\WINDOWS\system32\USP10.dll
0x000007fefc1d0000 - 0x000007fefc3c4000 	C:\WINDOWS\WinSxS\amd64_microsoft.windows.common-controls_6595b64144ccf1df_6.0.7601.18807_none_fa381d5f175bfb52\COMCTL32.dll
0x000007feff880000 - 0x000007feff8f1000 	C:\WINDOWS\system32\SHLWAPI.dll
0x000007fefe090000 - 0x000007fefe0be000 	C:\WINDOWS\system32\IMM32.DLL
0x000007fefe9e0000 - 0x000007fefeae9000 	C:\WINDOWS\system32\MSCTF.dll
0x00000000757d0000 - 0x00000000757e6000 	C:\WINDOWS\system32\PGPmapih.dll
0x000007fef2030000 - 0x000007fef20d6000 	C:\Program Files\McAfee\Host Intrusion Prevention\HcApi.dll
0x000000006ec90000 - 0x000000006ec9b000 	C:\Program Files\McAfee\Host Intrusion Prevention\HcThe.dll
0x0000000060450000 - 0x0000000060522000 	C:\Program Files\Java\jdk1.8.0_20\jre\bin\msvcr100.dll
0x00000000589e0000 - 0x0000000059238000 	C:\Program Files\Java\jdk1.8.0_20\jre\bin\server\jvm.dll
0x000007fefa330000 - 0x000007fefa339000 	C:\WINDOWS\system32\WSOCK32.dll
0x000007feffd50000 - 0x000007feffd9d000 	C:\WINDOWS\system32\WS2_32.dll
0x000007fefe2b0000 - 0x000007fefe2b8000 	C:\WINDOWS\system32\NSI.dll
0x000007fef17c0000 - 0x000007fef17fb000 	C:\WINDOWS\system32\WINMM.dll
0x0000000077dc0000 - 0x0000000077dc7000 	C:\WINDOWS\system32\PSAPI.DLL
0x000000006c010000 - 0x000000006c01f000 	C:\Program Files\Java\jdk1.8.0_20\jre\bin\verify.dll
0x000000006bc70000 - 0x000000006bc98000 	C:\Program Files\Java\jdk1.8.0_20\jre\bin\java.dll
0x000000006be40000 - 0x000000006be56000 	C:\Program Files\Java\jdk1.8.0_20\jre\bin\zip.dll
0x000007fefeaf0000 - 0x000007feff87b000 	C:\WINDOWS\system32\SHELL32.dll
0x000007fefe3a0000 - 0x000007fefe5a3000 	C:\WINDOWS\system32\ole32.dll
0x000007fefda50000 - 0x000007fefda5f000 	C:\WINDOWS\system32\profapi.dll
0x000007fef4fc0000 - 0x000007fef50e5000 	C:\WINDOWS\system32\dbghelp.dll

VM Arguments:
jvm_args: -Xmx1024M -Dfile.encoding=windows-1252 -Duser.country=US -Duser.language=en -Duser.variant 
java_command: com.android.dx.command.Main --dex --output C:\Users\D059352\StudioProjects\MobileAndroid\app\build\intermediates\pre-dexed\debug\classes-61ee0eb1855c4c989cf19250de4cb11683c2a56c.jar C:\Users\D059352\StudioProjects\MobileAndroid\app\build\intermediates\exploded-aar\com.android.support\appcompat-v7\22.2.0\jars\classes.jar
java_class_path (initial): C:\Users\D059352\AppData\Local\Android\sdk\build-tools\22.0.1\lib\dx.jar
Launcher Type: SUN_STANDARD

Environment Variables:
JAVA_HOME=C:\Program Files\Java\jdk1.8.0_20
CLASSPATH=.;.;c:\PROGRA~2\java\lib\sound.jar;c:\PROGRA~2\java\lib\jmf.jar;c:\PROGRA~2\java\lib;
PATH=C:\ProgramData\Oracle\Java\javapath;C:\WINDOWS\system32;C:\WINDOWS;C:\WINDOWS\System32\Wbem;C:\Program Files (x86)\Microsoft Application Virtualization Client;c:\Program Files (x86)\Open Text\View\bin;C:\Program Files\ThinkPad\Bluetooth Software\;C:\Program Files\ThinkPad\Bluetooth Software\syswow64;C:\Program Files\Broadcom\WHL\;C:\Program Files\Broadcom\WHL\syswow64;C:\Program Files\Broadcom\WHL\SysWow64\;C:\Program Files\Broadcom\WHL\SysWow64\syswow64;C:\Program Files (x86)\Microsoft SQL Server\110\Tools\Binn\;C:\Program Files\Microsoft SQL Server\110\Tools\Binn\;C:\Program Files\Microsoft SQL Server\110\DTS\Binn\;C:\Program Files (x86)\Microsoft SQL Server\110\Tools\Binn\ManagementStudio\;C:\Program Files (x86)\Microsoft SQL Server\110\DTS\Binn\;C:\Program Files (x86)\SAP\SAP Business One ServerTools\System Landscape Directory\tomcat\bin;C:\Program Files (x86)\SAP\SAP Business One ServerTools\Common\sapjvm_6\jre\bin\server;C:\Program Files\SAP\SAP Business One DI API\JCO\LIB\;C:\Program Files\SAP\SAP Business One DI API\DI API 90;C:\Program Files (x86)\SAP\SAP Business One DI API\JCO\LIB\;C:\Program Files (x86)\SAP\SAP Business One DI API\DI API 90;C:\Program Files (x86)\SAP\SAP Business One Integration\IntegrationServer\Tomcat\webapps\B1iXcellerator\WEB-INF\lib;C:\WINDOWS\System32\WindowsPowerShell\v1.0;C:\WINDOWS\System32\WindowsPowerShell\v1.0;C:\Program Files\nodejs\;C:\WINDOWS\System32\WindowsPowerShell\v1.0\;C:\WINDOWS\System32\WindowsPowerShell\v1.0\;C:\WINDOWS\System32\WindowsPowerShell\v1.0;C:\WINDOWS\System32\WindowsPowerShell\v1.0;C:\WINDOWS\System32\WindowsPowerShell\v1.0;C:\WINDOWS\System32\WindowsPowerShell\v1.0;C:\WINDOWS\System32\WindowsPowerShell\v1.0;C:\WINDOWS\System32\WindowsPowerShell\v1.0;C:\WINDOWS\System32\WindowsPowerShell\v1.0;C:\Users\D059352\AppData\Roaming\npm;C:\Program Files (x86)\Git\cmd
USERNAME=D059352
OS=Windows_NT
PROCESSOR_IDENTIFIER=Intel64 Family 6 Model 42 Stepping 7, GenuineIntel



---------------  S Y S T E M  ---------------

OS: Windows 7 , 64 bit Build 7601 Service Pack 1

CPU:total 4 (2 cores per cpu, 2 threads per core) family 6 model 42 stepping 7, cmov, cx8, fxsr, mmx, sse, sse2, sse3, ssse3, sse4.1, sse4.2, popcnt, avx, aes, clmul, ht, tsc, tscinvbit

Memory: 4k page, physical 8273136k(2468704k free), swap 16544416k(7615900k free)

vm_info: Java HotSpot(TM) 64-Bit Server VM (25.20-b23) for windows-amd64 JRE (1.8.0_20-b26), built on Jul 30 2014 13:51:23 by "java_re" with MS VC++ 10.0 (VS2010)

time: Tue Jun 23 11:07:53 2015
elapsed time: 17 seconds (0d 0h 0m 17s)

